

2022-05-05 16:08:56,267	file name:create_bot_and_conn.py	function name:<module>  INFO: Successfully connected with telegram


2022-05-05 16:08:56,693	file name:create_bot_and_conn.py	function name:<module>  INFO: Successfully connected with MicroStrategy


2022-05-05 16:08:56,694	file name:create_bot_and_conn.py	function name:<module>  INFO: Successfully connected with DataBase


2022-05-05 16:08:56,695	file name:create_bot_and_conn.py	function name:<module>  INFO: Successfully connected with Gmail


2022-05-05 16:08:56,695	file name:create_bot_and_conn.py	function name:<module>  INFO: Bot Started


2022-05-05 16:11:49,668	file name:create_bot_and_conn.py	function name:<module>  INFO: Successfully connected with telegram


2022-05-05 16:11:50,067	file name:create_bot_and_conn.py	function name:<module>  INFO: Successfully connected with MicroStrategy


2022-05-05 16:11:50,072	file name:create_bot_and_conn.py	function name:<module>  INFO: Successfully connected with DataBase


2022-05-05 16:11:50,073	file name:create_bot_and_conn.py	function name:<module>  INFO: Successfully connected with Gmail


2022-05-05 16:11:50,073	file name:create_bot_and_conn.py	function name:<module>  INFO: Bot Started


2022-05-05 16:12:13,603	file name:create_bot_and_conn.py	function name:<module>  INFO: Successfully connected with telegram


2022-05-05 16:12:14,001	file name:create_bot_and_conn.py	function name:<module>  INFO: Successfully connected with MicroStrategy


2022-05-05 16:12:14,003	file name:create_bot_and_conn.py	function name:<module>  INFO: Successfully connected with DataBase


2022-05-05 16:12:14,004	file name:create_bot_and_conn.py	function name:<module>  INFO: Successfully connected with Gmail


2022-05-05 16:12:14,004	file name:create_bot_and_conn.py	function name:<module>  INFO: Bot Started


2022-05-05 16:12:41,965	file name:create_bot_and_conn.py	function name:<module>  INFO: Successfully connected with telegram


2022-05-05 16:12:42,323	file name:create_bot_and_conn.py	function name:<module>  INFO: Successfully connected with MicroStrategy


2022-05-05 16:12:42,325	file name:create_bot_and_conn.py	function name:<module>  INFO: Successfully connected with DataBase


2022-05-05 16:12:42,325	file name:create_bot_and_conn.py	function name:<module>  INFO: Successfully connected with Gmail


2022-05-05 16:12:42,325	file name:create_bot_and_conn.py	function name:<module>  INFO: Bot Started


2022-05-05 16:13:25,848	file name:create_bot_and_conn.py	function name:<module>  INFO: Successfully connected with telegram


2022-05-05 16:13:26,196	file name:create_bot_and_conn.py	function name:<module>  INFO: Successfully connected with MicroStrategy


2022-05-05 16:13:26,196	file name:create_bot_and_conn.py	function name:<module>  INFO: Successfully connected with DataBase


2022-05-05 16:13:26,197	file name:create_bot_and_conn.py	function name:<module>  INFO: Successfully connected with Gmail


2022-05-05 16:13:26,197	file name:create_bot_and_conn.py	function name:<module>  INFO: Bot Started


2022-05-05 16:15:48,210	file name:create_bot_and_conn.py	function name:<module>  INFO: Successfully connected with telegram


2022-05-05 16:15:48,606	file name:create_bot_and_conn.py	function name:<module>  INFO: Successfully connected with MicroStrategy


2022-05-05 16:15:48,611	file name:create_bot_and_conn.py	function name:<module>  INFO: Successfully connected with DataBase


2022-05-05 16:15:48,612	file name:create_bot_and_conn.py	function name:<module>  INFO: Successfully connected with Gmail


2022-05-05 16:15:48,612	file name:create_bot_and_conn.py	function name:<module>  INFO: Bot Started


2022-05-05 16:17:13,434	file name:create_bot_and_conn.py	function name:<module>  INFO: Successfully connected with telegram


2022-05-05 16:17:13,846	file name:create_bot_and_conn.py	function name:<module>  INFO: Successfully connected with MicroStrategy


2022-05-05 16:17:13,851	file name:create_bot_and_conn.py	function name:<module>  INFO: Successfully connected with DataBase


2022-05-05 16:17:13,852	file name:create_bot_and_conn.py	function name:<module>  INFO: Successfully connected with Gmail


2022-05-05 16:17:13,852	file name:create_bot_and_conn.py	function name:<module>  INFO: Bot Started


2022-05-05 16:18:31,380	file name:create_bot_and_conn.py	function name:<module>  INFO: Successfully connected with telegram


2022-05-05 16:18:31,839	file name:create_bot_and_conn.py	function name:<module>  INFO: Successfully connected with MicroStrategy


2022-05-05 16:18:31,850	file name:create_bot_and_conn.py	function name:<module>  INFO: Successfully connected with DataBase


2022-05-05 16:18:31,851	file name:create_bot_and_conn.py	function name:<module>  INFO: Successfully connected with Gmail


2022-05-05 16:18:31,851	file name:create_bot_and_conn.py	function name:<module>  INFO: Bot Started


2022-05-05 16:21:21,771	file name:create_bot_and_conn.py	function name:<module>  INFO: Successfully connected with telegram


2022-05-05 16:21:22,133	file name:create_bot_and_conn.py	function name:<module>  INFO: Successfully connected with MicroStrategy


2022-05-05 16:21:22,139	file name:create_bot_and_conn.py	function name:<module>  INFO: Successfully connected with DataBase


2022-05-05 16:21:22,139	file name:create_bot_and_conn.py	function name:<module>  INFO: Successfully connected with Gmail


2022-05-05 16:21:22,140	file name:create_bot_and_conn.py	function name:<module>  INFO: Bot Started


2022-05-11 10:18:58,148	file name:create_bot_and_conn.py	function name:<module>  INFO: Successfully connected with telegram


2022-05-11 10:18:58,823	file name:create_bot_and_conn.py	function name:<module>  INFO: Successfully connected with MicroStrategy


2022-05-11 10:18:59,016	file name:create_bot_and_conn.py	function name:<module>  INFO: Successfully connected with DataBase


2022-05-11 10:18:59,016	file name:create_bot_and_conn.py	function name:<module>  INFO: Successfully connected with Gmail


2022-05-11 10:18:59,016	file name:create_bot_and_conn.py	function name:<module>  INFO: Bot Started


2022-05-11 10:20:19,936	file name:create_bot_and_conn.py	function name:<module>  INFO: Successfully connected with telegram


2022-05-11 10:20:20,287	file name:create_bot_and_conn.py	function name:<module>  INFO: Successfully connected with MicroStrategy


2022-05-11 10:20:20,288	file name:create_bot_and_conn.py	function name:<module>  INFO: Successfully connected with DataBase


2022-05-11 10:20:20,288	file name:create_bot_and_conn.py	function name:<module>  INFO: Successfully connected with Gmail


2022-05-11 10:20:20,289	file name:create_bot_and_conn.py	function name:<module>  INFO: Bot Started


2022-05-11 13:45:58,068	file name:create_bot_and_conn.py	function name:<module>  INFO: Successfully connected with telegram


2022-05-11 13:45:58,493	file name:create_bot_and_conn.py	function name:<module>  INFO: Successfully connected with MicroStrategy


2022-05-11 13:45:58,504	file name:create_bot_and_conn.py	function name:<module>  INFO: Successfully connected with DataBase


2022-05-11 13:45:58,505	file name:create_bot_and_conn.py	function name:<module>  INFO: Successfully connected with Gmail


2022-05-11 13:45:58,505	file name:create_bot_and_conn.py	function name:<module>  INFO: Bot Started


2022-05-11 13:46:37,773	file name:create_bot_and_conn.py	function name:<module>  INFO: Successfully connected with telegram


2022-05-11 13:46:38,181	file name:create_bot_and_conn.py	function name:<module>  INFO: Successfully connected with MicroStrategy


2022-05-11 13:46:38,182	file name:create_bot_and_conn.py	function name:<module>  INFO: Successfully connected with DataBase


2022-05-11 13:46:38,182	file name:create_bot_and_conn.py	function name:<module>  INFO: Successfully connected with Gmail


2022-05-11 13:46:38,182	file name:create_bot_and_conn.py	function name:<module>  INFO: Bot Started


2022-05-11 13:48:52,551	file name:create_bot_and_conn.py	function name:<module>  INFO: Successfully connected with telegram


2022-05-11 13:48:52,961	file name:create_bot_and_conn.py	function name:<module>  INFO: Successfully connected with MicroStrategy


2022-05-11 13:48:52,962	file name:create_bot_and_conn.py	function name:<module>  INFO: Successfully connected with DataBase


2022-05-11 13:48:52,963	file name:create_bot_and_conn.py	function name:<module>  INFO: Successfully connected with Gmail


2022-05-11 13:48:52,963	file name:create_bot_and_conn.py	function name:<module>  INFO: Bot Started


2022-05-16 15:30:20,974	file name:create_bot_and_conn.py	function name:<module>  INFO: Successfully connected with telegram


2022-05-16 15:30:22,305	file name:create_bot_and_conn.py	function name:<module>  INFO: Successfully connected with MicroStrategy


2022-05-16 15:30:22,351	file name:create_bot_and_conn.py	function name:<module>  INFO: Successfully connected with DataBase


2022-05-16 15:30:22,351	file name:create_bot_and_conn.py	function name:<module>  INFO: Successfully connected with Gmail


2022-05-16 15:30:22,352	file name:create_bot_and_conn.py	function name:<module>  INFO: Bot Started
