

2022-05-05 15:51:52,123	file name:scheduler.py	function name:_sem_trigger_scheduler  INFO: Checking trigger is started


2022-05-05 15:51:52,123	file name:scheduler.py	function name:_sem_trigger_scheduler  INFO: Checking trigger is complete


2022-05-05 15:52:24,398	file name:screenshot.py	function name:_sem_send_filter_screen  WARNING: 	user_ID:1723464345
Traceback (most recent call last):
  File "c:\Users\user\Desktop\mstr_bot\git\mstr-chat-bot\webdriver\screenshot.py", line 152, in _sem_send_filter_screen
    ctlkey = (all_selectors)[security_sel]
KeyError: 'S_security'


2022-05-05 15:52:52,152	file name:scheduler.py	function name:_sem_trigger_scheduler  INFO: Checking trigger is started


2022-05-05 15:52:52,153	file name:scheduler.py	function name:_sem_trigger_scheduler  INFO: Checking trigger is complete


2022-05-05 15:53:52,159	file name:scheduler.py	function name:_sem_trigger_scheduler  INFO: Checking trigger is started


2022-05-05 15:53:52,160	file name:scheduler.py	function name:_sem_trigger_scheduler  INFO: Checking trigger is complete


2022-05-05 15:55:21,906	file name:scheduler.py	function name:_sem_trigger_scheduler  INFO: Checking trigger is started


2022-05-05 15:55:21,906	file name:scheduler.py	function name:_sem_trigger_scheduler  INFO: Checking trigger is complete


2022-05-05 15:56:21,897	file name:scheduler.py	function name:_sem_trigger_scheduler  INFO: Checking trigger is started


2022-05-05 15:56:21,898	file name:scheduler.py	function name:_sem_trigger_scheduler  INFO: Checking trigger is complete


2022-05-05 15:57:37,263	file name:scheduler.py	function name:_sem_trigger_scheduler  INFO: Checking trigger is started


2022-05-05 15:57:37,272	file name:scheduler.py	function name:_sem_trigger_scheduler  INFO: Checking trigger is complete


2022-05-05 15:57:49,703	file name:screenshot.py	function name:_sem_send_filter_screen  WARNING: 	user_ID:1723464345
Traceback (most recent call last):
  File "c:\Users\user\Desktop\mstr_bot\git\mstr-chat-bot\webdriver\screenshot.py", line 152, in _sem_send_filter_screen
    ctlkey = (all_selectors)[security_sel]
KeyError: 'S_security'


2022-05-05 15:58:37,295	file name:scheduler.py	function name:_sem_trigger_scheduler  INFO: Checking trigger is started


2022-05-05 15:58:37,295	file name:scheduler.py	function name:_sem_trigger_scheduler  INFO: Checking trigger is complete


2022-05-05 15:59:37,300	file name:scheduler.py	function name:_sem_trigger_scheduler  INFO: Checking trigger is started


2022-05-05 15:59:37,300	file name:scheduler.py	function name:_sem_trigger_scheduler  INFO: Checking trigger is complete


2022-05-05 16:00:37,295	file name:scheduler.py	function name:_sem_trigger_scheduler  INFO: Checking trigger is started


2022-05-05 16:00:37,296	file name:scheduler.py	function name:_sem_trigger_scheduler  INFO: Checking trigger is complete


2022-05-05 16:01:37,302	file name:scheduler.py	function name:_sem_trigger_scheduler  INFO: Checking trigger is started


2022-05-05 16:01:37,313	file name:scheduler.py	function name:_sem_trigger_scheduler  INFO: Checking trigger is complete


2022-05-05 16:02:37,301	file name:scheduler.py	function name:_sem_trigger_scheduler  INFO: Checking trigger is started


2022-05-05 16:02:37,301	file name:scheduler.py	function name:_sem_trigger_scheduler  INFO: Checking trigger is complete


2022-05-05 16:05:44,934	file name:scheduler.py	function name:_sem_trigger_scheduler  INFO: Checking trigger is started


2022-05-05 16:05:44,934	file name:scheduler.py	function name:_sem_trigger_scheduler  INFO: Checking trigger is complete


2022-05-05 16:07:01,249	file name:scheduler.py	function name:_sem_trigger_scheduler  INFO: Checking trigger is started


2022-05-05 16:07:01,250	file name:scheduler.py	function name:_sem_trigger_scheduler  INFO: Checking trigger is complete


2022-05-05 16:08:01,265	file name:scheduler.py	function name:_sem_trigger_scheduler  INFO: Checking trigger is started


2022-05-05 16:08:01,265	file name:scheduler.py	function name:_sem_trigger_scheduler  INFO: Checking trigger is complete


2022-05-05 16:09:57,007	file name:scheduler.py	function name:_sem_trigger_scheduler  INFO: Checking trigger is started


2022-05-05 16:09:57,017	file name:scheduler.py	function name:_sem_trigger_scheduler  INFO: Checking trigger is complete


2022-05-05 16:10:18,808	file name:screenshot.py	function name:_sem_send_filter_screen  WARNING: 	user_ID:1723464345
Traceback (most recent call last):
  File "c:\Users\user\Desktop\mstr_bot\git\mstr-chat-bot\webdriver\screenshot.py", line 152, in _sem_send_filter_screen
    ctlkey = (all_selectors)[security_sel]
KeyError: 'S_security'


2022-05-05 16:10:57,024	file name:scheduler.py	function name:_sem_trigger_scheduler  INFO: Checking trigger is started


2022-05-05 16:10:57,025	file name:scheduler.py	function name:_sem_trigger_scheduler  INFO: Checking trigger is complete


2022-05-05 16:14:26,650	file name:scheduler.py	function name:_sem_trigger_scheduler  INFO: Checking trigger is started


2022-05-05 16:14:26,651	file name:scheduler.py	function name:_sem_trigger_scheduler  INFO: Checking trigger is complete


2022-05-05 16:15:26,678	file name:scheduler.py	function name:_sem_trigger_scheduler  INFO: Checking trigger is started


2022-05-05 16:15:26,678	file name:scheduler.py	function name:_sem_trigger_scheduler  INFO: Checking trigger is complete


2022-05-05 16:16:48,979	file name:scheduler.py	function name:_sem_trigger_scheduler  INFO: Checking trigger is started


2022-05-05 16:16:48,979	file name:scheduler.py	function name:_sem_trigger_scheduler  INFO: Checking trigger is complete


2022-05-05 16:18:14,152	file name:scheduler.py	function name:_sem_trigger_scheduler  INFO: Checking trigger is started


2022-05-05 16:18:14,153	file name:scheduler.py	function name:_sem_trigger_scheduler  INFO: Checking trigger is complete


2022-05-05 16:19:32,159	file name:scheduler.py	function name:_sem_trigger_scheduler  INFO: Checking trigger is started


2022-05-05 16:19:32,168	file name:scheduler.py	function name:_sem_trigger_scheduler  INFO: Checking trigger is complete


2022-05-05 16:20:32,169	file name:scheduler.py	function name:_sem_trigger_scheduler  INFO: Checking trigger is started


2022-05-05 16:20:32,170	file name:scheduler.py	function name:_sem_trigger_scheduler  INFO: Checking trigger is complete


2022-05-05 16:22:03,337	file name:screenshot.py	function name:_sem_send_filter_screen  WARNING: 	user_ID:1723464345
Traceback (most recent call last):
  File "c:\Users\user\Desktop\mstr_bot\git\mstr-chat-bot\webdriver\screenshot.py", line 152, in _sem_send_filter_screen
    ctlkey = (all_selectors)[security_sel]
KeyError: 'S_security'


2022-05-05 16:22:22,542	file name:scheduler.py	function name:_sem_trigger_scheduler  INFO: Checking trigger is started


2022-05-05 16:22:22,542	file name:scheduler.py	function name:_sem_trigger_scheduler  INFO: Checking trigger is complete


2022-05-05 16:23:22,580	file name:scheduler.py	function name:_sem_trigger_scheduler  INFO: Checking trigger is started


2022-05-05 16:23:22,589	file name:scheduler.py	function name:_sem_trigger_scheduler  INFO: Checking trigger is complete


2022-05-05 16:23:33,707	file name:screenshot.py	function name:_sem_send_filter_screen  WARNING: 	user_ID:1723464345
Traceback (most recent call last):
  File "c:\Users\user\Desktop\mstr_bot\git\mstr-chat-bot\webdriver\screenshot.py", line 152, in _sem_send_filter_screen
    ctlkey = (all_selectors)[security_sel]
KeyError: 'S_security'


2022-05-05 16:24:22,563	file name:scheduler.py	function name:_sem_trigger_scheduler  INFO: Checking trigger is started


2022-05-05 16:24:22,563	file name:scheduler.py	function name:_sem_trigger_scheduler  INFO: Checking trigger is complete


2022-05-05 16:25:22,555	file name:scheduler.py	function name:_sem_trigger_scheduler  INFO: Checking trigger is started


2022-05-05 16:25:22,555	file name:scheduler.py	function name:_sem_trigger_scheduler  INFO: Checking trigger is complete


2022-05-05 16:26:22,543	file name:scheduler.py	function name:_sem_trigger_scheduler  INFO: Checking trigger is started


2022-05-05 16:26:22,553	file name:scheduler.py	function name:_sem_trigger_scheduler  INFO: Checking trigger is complete


2022-05-05 16:26:32,696	file name:screenshot.py	function name:_sem_send_filter_screen  WARNING: 	user_ID:1723464345
Traceback (most recent call last):
  File "c:\Users\user\Desktop\mstr_bot\git\mstr-chat-bot\webdriver\screenshot.py", line 152, in _sem_send_filter_screen
    ctlkey = (all_selectors)[security_sel]
KeyError: 'S_security'


2022-05-05 16:27:22,561	file name:scheduler.py	function name:_sem_trigger_scheduler  INFO: Checking trigger is started


2022-05-05 16:27:22,561	file name:scheduler.py	function name:_sem_trigger_scheduler  INFO: Checking trigger is complete


2022-05-05 16:28:22,562	file name:scheduler.py	function name:_sem_trigger_scheduler  INFO: Checking trigger is started


2022-05-05 16:28:22,562	file name:scheduler.py	function name:_sem_trigger_scheduler  INFO: Checking trigger is complete


2022-05-11 10:19:59,728	file name:scheduler.py	function name:_sem_trigger_scheduler  INFO: Checking trigger is started


2022-05-11 10:19:59,730	file name:scheduler.py	function name:_sem_trigger_scheduler  INFO: Checking trigger is complete


2022-05-11 10:21:20,649	file name:scheduler.py	function name:_sem_trigger_scheduler  INFO: Checking trigger is started


2022-05-11 10:21:20,667	file name:scheduler.py	function name:_sem_trigger_scheduler  INFO: Checking trigger is complete


2022-05-11 10:21:34,254	file name:screenshot.py	function name:_sem_send_filter_screen  WARNING: 	user_ID:1723464345
Traceback (most recent call last):
  File "c:\Users\user\Desktop\mstr_bot\git\mstr-chat-bot\webdriver\screenshot.py", line 154, in _sem_send_filter_screen
    ctlkey = (all_selectors)[security_sel]
KeyError: 'S_security'


2022-05-11 10:22:20,698	file name:scheduler.py	function name:_sem_trigger_scheduler  INFO: Checking trigger is started


2022-05-11 10:22:20,699	file name:scheduler.py	function name:_sem_trigger_scheduler  INFO: Checking trigger is complete


2022-05-11 10:23:20,686	file name:scheduler.py	function name:_sem_trigger_scheduler  INFO: Checking trigger is started


2022-05-11 10:23:20,686	file name:scheduler.py	function name:_sem_trigger_scheduler  INFO: Checking trigger is complete


2022-05-11 10:24:20,674	file name:scheduler.py	function name:_sem_trigger_scheduler  INFO: Checking trigger is started


2022-05-11 10:24:20,674	file name:scheduler.py	function name:_sem_trigger_scheduler  INFO: Checking trigger is complete


2022-05-11 10:25:20,669	file name:scheduler.py	function name:_sem_trigger_scheduler  INFO: Checking trigger is started


2022-05-11 10:25:20,669	file name:scheduler.py	function name:_sem_trigger_scheduler  INFO: Checking trigger is complete


2022-05-11 10:26:20,627	file name:scheduler.py	function name:_sem_trigger_scheduler  INFO: Checking trigger is started


2022-05-11 10:26:20,627	file name:scheduler.py	function name:_sem_trigger_scheduler  INFO: Checking trigger is complete


2022-05-11 10:27:20,665	file name:scheduler.py	function name:_sem_trigger_scheduler  INFO: Checking trigger is started


2022-05-11 10:27:20,665	file name:scheduler.py	function name:_sem_trigger_scheduler  INFO: Checking trigger is complete


2022-05-11 10:28:20,683	file name:scheduler.py	function name:_sem_trigger_scheduler  INFO: Checking trigger is started


2022-05-11 10:28:20,683	file name:scheduler.py	function name:_sem_trigger_scheduler  INFO: Checking trigger is complete


2022-05-11 10:29:20,668	file name:scheduler.py	function name:_sem_trigger_scheduler  INFO: Checking trigger is started


2022-05-11 10:29:20,668	file name:scheduler.py	function name:_sem_trigger_scheduler  INFO: Checking trigger is complete


2022-05-11 10:30:20,655	file name:scheduler.py	function name:_sem_trigger_scheduler  INFO: Checking trigger is started


2022-05-11 10:30:20,655	file name:scheduler.py	function name:_sem_trigger_scheduler  INFO: Checking trigger is complete


2022-05-11 10:31:20,653	file name:scheduler.py	function name:_sem_trigger_scheduler  INFO: Checking trigger is started


2022-05-11 10:31:20,653	file name:scheduler.py	function name:_sem_trigger_scheduler  INFO: Checking trigger is complete


2022-05-11 10:32:20,645	file name:scheduler.py	function name:_sem_trigger_scheduler  INFO: Checking trigger is started


2022-05-11 10:32:20,645	file name:scheduler.py	function name:_sem_trigger_scheduler  INFO: Checking trigger is complete


2022-05-11 10:33:20,664	file name:scheduler.py	function name:_sem_trigger_scheduler  INFO: Checking trigger is started


2022-05-11 10:33:20,664	file name:scheduler.py	function name:_sem_trigger_scheduler  INFO: Checking trigger is complete


2022-05-11 10:34:20,656	file name:scheduler.py	function name:_sem_trigger_scheduler  INFO: Checking trigger is started


2022-05-11 10:34:20,656	file name:scheduler.py	function name:_sem_trigger_scheduler  INFO: Checking trigger is complete


2022-05-11 10:35:20,629	file name:scheduler.py	function name:_sem_trigger_scheduler  INFO: Checking trigger is started


2022-05-11 10:35:20,629	file name:scheduler.py	function name:_sem_trigger_scheduler  INFO: Checking trigger is complete


2022-05-11 10:36:20,656	file name:scheduler.py	function name:_sem_trigger_scheduler  INFO: Checking trigger is started


2022-05-11 10:36:20,656	file name:scheduler.py	function name:_sem_trigger_scheduler  INFO: Checking trigger is complete


2022-05-11 10:37:20,635	file name:scheduler.py	function name:_sem_trigger_scheduler  INFO: Checking trigger is started


2022-05-11 10:37:20,635	file name:scheduler.py	function name:_sem_trigger_scheduler  INFO: Checking trigger is complete


2022-05-11 10:38:20,645	file name:scheduler.py	function name:_sem_trigger_scheduler  INFO: Checking trigger is started


2022-05-11 10:38:20,645	file name:scheduler.py	function name:_sem_trigger_scheduler  INFO: Checking trigger is complete


2022-05-11 10:39:20,656	file name:scheduler.py	function name:_sem_trigger_scheduler  INFO: Checking trigger is started


2022-05-11 10:39:20,656	file name:scheduler.py	function name:_sem_trigger_scheduler  INFO: Checking trigger is complete


2022-05-11 10:40:20,641	file name:scheduler.py	function name:_sem_trigger_scheduler  INFO: Checking trigger is started


2022-05-11 10:40:20,641	file name:scheduler.py	function name:_sem_trigger_scheduler  INFO: Checking trigger is complete


2022-05-11 10:41:20,642	file name:scheduler.py	function name:_sem_trigger_scheduler  INFO: Checking trigger is started


2022-05-11 10:41:20,642	file name:scheduler.py	function name:_sem_trigger_scheduler  INFO: Checking trigger is complete


2022-05-11 10:42:20,643	file name:scheduler.py	function name:_sem_trigger_scheduler  INFO: Checking trigger is started


2022-05-11 10:42:20,643	file name:scheduler.py	function name:_sem_trigger_scheduler  INFO: Checking trigger is complete


2022-05-11 10:43:20,659	file name:scheduler.py	function name:_sem_trigger_scheduler  INFO: Checking trigger is started


2022-05-11 10:43:20,659	file name:scheduler.py	function name:_sem_trigger_scheduler  INFO: Checking trigger is complete


2022-05-11 10:44:20,656	file name:scheduler.py	function name:_sem_trigger_scheduler  INFO: Checking trigger is started


2022-05-11 10:44:20,657	file name:scheduler.py	function name:_sem_trigger_scheduler  INFO: Checking trigger is complete


2022-05-11 10:45:20,641	file name:scheduler.py	function name:_sem_trigger_scheduler  INFO: Checking trigger is started


2022-05-11 10:45:20,641	file name:scheduler.py	function name:_sem_trigger_scheduler  INFO: Checking trigger is complete


2022-05-11 10:46:20,641	file name:scheduler.py	function name:_sem_trigger_scheduler  INFO: Checking trigger is started


2022-05-11 10:46:20,641	file name:scheduler.py	function name:_sem_trigger_scheduler  INFO: Checking trigger is complete


2022-05-11 10:47:20,647	file name:scheduler.py	function name:_sem_trigger_scheduler  INFO: Checking trigger is started


2022-05-11 10:47:20,647	file name:scheduler.py	function name:_sem_trigger_scheduler  INFO: Checking trigger is complete


2022-05-11 10:48:20,649	file name:scheduler.py	function name:_sem_trigger_scheduler  INFO: Checking trigger is started


2022-05-11 10:48:20,649	file name:scheduler.py	function name:_sem_trigger_scheduler  INFO: Checking trigger is complete


2022-05-11 10:49:20,651	file name:scheduler.py	function name:_sem_trigger_scheduler  INFO: Checking trigger is started


2022-05-11 10:49:20,651	file name:scheduler.py	function name:_sem_trigger_scheduler  INFO: Checking trigger is complete


2022-05-11 10:50:20,636	file name:scheduler.py	function name:_sem_trigger_scheduler  INFO: Checking trigger is started


2022-05-11 10:50:20,636	file name:scheduler.py	function name:_sem_trigger_scheduler  INFO: Checking trigger is complete


2022-05-11 10:51:20,650	file name:scheduler.py	function name:_sem_trigger_scheduler  INFO: Checking trigger is started


2022-05-11 10:51:20,650	file name:scheduler.py	function name:_sem_trigger_scheduler  INFO: Checking trigger is complete


2022-05-11 10:52:20,633	file name:scheduler.py	function name:_sem_trigger_scheduler  INFO: Checking trigger is started


2022-05-11 10:52:20,633	file name:scheduler.py	function name:_sem_trigger_scheduler  INFO: Checking trigger is complete


2022-05-11 10:53:20,642	file name:scheduler.py	function name:_sem_trigger_scheduler  INFO: Checking trigger is started


2022-05-11 10:53:20,642	file name:scheduler.py	function name:_sem_trigger_scheduler  INFO: Checking trigger is complete


2022-05-11 10:54:20,652	file name:scheduler.py	function name:_sem_trigger_scheduler  INFO: Checking trigger is started


2022-05-11 10:54:20,652	file name:scheduler.py	function name:_sem_trigger_scheduler  INFO: Checking trigger is complete


2022-05-11 10:55:20,641	file name:scheduler.py	function name:_sem_trigger_scheduler  INFO: Checking trigger is started


2022-05-11 10:55:20,641	file name:scheduler.py	function name:_sem_trigger_scheduler  INFO: Checking trigger is complete


2022-05-11 10:56:20,642	file name:scheduler.py	function name:_sem_trigger_scheduler  INFO: Checking trigger is started


2022-05-11 10:56:20,642	file name:scheduler.py	function name:_sem_trigger_scheduler  INFO: Checking trigger is complete


2022-05-11 10:57:20,646	file name:scheduler.py	function name:_sem_trigger_scheduler  INFO: Checking trigger is started


2022-05-11 10:57:20,646	file name:scheduler.py	function name:_sem_trigger_scheduler  INFO: Checking trigger is complete


2022-05-11 10:58:20,661	file name:scheduler.py	function name:_sem_trigger_scheduler  INFO: Checking trigger is started


2022-05-11 10:58:20,661	file name:scheduler.py	function name:_sem_trigger_scheduler  INFO: Checking trigger is complete


2022-05-11 10:59:20,649	file name:scheduler.py	function name:_sem_trigger_scheduler  INFO: Checking trigger is started


2022-05-11 10:59:20,650	file name:scheduler.py	function name:_sem_trigger_scheduler  INFO: Checking trigger is complete


2022-05-11 11:00:20,654	file name:scheduler.py	function name:_sem_trigger_scheduler  INFO: Checking trigger is started


2022-05-11 11:00:20,655	file name:scheduler.py	function name:_sem_trigger_scheduler  INFO: Checking trigger is complete


2022-05-11 11:01:20,640	file name:scheduler.py	function name:_sem_trigger_scheduler  INFO: Checking trigger is started


2022-05-11 11:01:20,641	file name:scheduler.py	function name:_sem_trigger_scheduler  INFO: Checking trigger is complete


2022-05-11 11:02:20,641	file name:scheduler.py	function name:_sem_trigger_scheduler  INFO: Checking trigger is started


2022-05-11 11:02:20,641	file name:scheduler.py	function name:_sem_trigger_scheduler  INFO: Checking trigger is complete


2022-05-11 11:03:20,652	file name:scheduler.py	function name:_sem_trigger_scheduler  INFO: Checking trigger is started


2022-05-11 11:03:20,652	file name:scheduler.py	function name:_sem_trigger_scheduler  INFO: Checking trigger is complete


2022-05-11 11:04:20,637	file name:scheduler.py	function name:_sem_trigger_scheduler  INFO: Checking trigger is started


2022-05-11 11:04:20,638	file name:scheduler.py	function name:_sem_trigger_scheduler  INFO: Checking trigger is complete


2022-05-11 11:05:20,646	file name:scheduler.py	function name:_sem_trigger_scheduler  INFO: Checking trigger is started


2022-05-11 11:05:20,646	file name:scheduler.py	function name:_sem_trigger_scheduler  INFO: Checking trigger is complete


2022-05-11 11:06:20,648	file name:scheduler.py	function name:_sem_trigger_scheduler  INFO: Checking trigger is started


2022-05-11 11:06:20,648	file name:scheduler.py	function name:_sem_trigger_scheduler  INFO: Checking trigger is complete


2022-05-11 11:07:20,641	file name:scheduler.py	function name:_sem_trigger_scheduler  INFO: Checking trigger is started


2022-05-11 11:07:20,642	file name:scheduler.py	function name:_sem_trigger_scheduler  INFO: Checking trigger is complete


2022-05-11 11:08:20,651	file name:scheduler.py	function name:_sem_trigger_scheduler  INFO: Checking trigger is started


2022-05-11 11:08:20,651	file name:scheduler.py	function name:_sem_trigger_scheduler  INFO: Checking trigger is complete


2022-05-11 11:09:20,646	file name:scheduler.py	function name:_sem_trigger_scheduler  INFO: Checking trigger is started


2022-05-11 11:09:20,646	file name:scheduler.py	function name:_sem_trigger_scheduler  INFO: Checking trigger is complete


2022-05-11 11:10:20,647	file name:scheduler.py	function name:_sem_trigger_scheduler  INFO: Checking trigger is started


2022-05-11 11:10:20,647	file name:scheduler.py	function name:_sem_trigger_scheduler  INFO: Checking trigger is complete


2022-05-11 11:11:20,637	file name:scheduler.py	function name:_sem_trigger_scheduler  INFO: Checking trigger is started


2022-05-11 11:11:20,637	file name:scheduler.py	function name:_sem_trigger_scheduler  INFO: Checking trigger is complete


2022-05-11 11:12:20,646	file name:scheduler.py	function name:_sem_trigger_scheduler  INFO: Checking trigger is started


2022-05-11 11:12:20,647	file name:scheduler.py	function name:_sem_trigger_scheduler  INFO: Checking trigger is complete


2022-05-11 11:13:20,653	file name:scheduler.py	function name:_sem_trigger_scheduler  INFO: Checking trigger is started


2022-05-11 11:13:20,653	file name:scheduler.py	function name:_sem_trigger_scheduler  INFO: Checking trigger is complete


2022-05-11 11:14:20,644	file name:scheduler.py	function name:_sem_trigger_scheduler  INFO: Checking trigger is started


2022-05-11 11:14:20,644	file name:scheduler.py	function name:_sem_trigger_scheduler  INFO: Checking trigger is complete


2022-05-11 11:15:20,662	file name:scheduler.py	function name:_sem_trigger_scheduler  INFO: Checking trigger is started


2022-05-11 11:15:20,662	file name:scheduler.py	function name:_sem_trigger_scheduler  INFO: Checking trigger is complete


2022-05-11 11:16:20,657	file name:scheduler.py	function name:_sem_trigger_scheduler  INFO: Checking trigger is started


2022-05-11 11:16:20,657	file name:scheduler.py	function name:_sem_trigger_scheduler  INFO: Checking trigger is complete


2022-05-11 11:17:20,635	file name:scheduler.py	function name:_sem_trigger_scheduler  INFO: Checking trigger is started


2022-05-11 11:17:20,636	file name:scheduler.py	function name:_sem_trigger_scheduler  INFO: Checking trigger is complete


2022-05-11 11:18:20,647	file name:scheduler.py	function name:_sem_trigger_scheduler  INFO: Checking trigger is started


2022-05-11 11:18:20,647	file name:scheduler.py	function name:_sem_trigger_scheduler  INFO: Checking trigger is complete


2022-05-11 11:19:20,666	file name:scheduler.py	function name:_sem_trigger_scheduler  INFO: Checking trigger is started


2022-05-11 11:19:20,666	file name:scheduler.py	function name:_sem_trigger_scheduler  INFO: Checking trigger is complete


2022-05-11 11:20:20,659	file name:scheduler.py	function name:_sem_trigger_scheduler  INFO: Checking trigger is started


2022-05-11 11:20:20,659	file name:scheduler.py	function name:_sem_trigger_scheduler  INFO: Checking trigger is complete


2022-05-11 11:21:20,649	file name:scheduler.py	function name:_sem_trigger_scheduler  INFO: Checking trigger is started


2022-05-11 11:21:20,650	file name:scheduler.py	function name:_sem_trigger_scheduler  INFO: Checking trigger is complete


2022-05-11 11:22:20,640	file name:scheduler.py	function name:_sem_trigger_scheduler  INFO: Checking trigger is started


2022-05-11 11:22:20,640	file name:scheduler.py	function name:_sem_trigger_scheduler  INFO: Checking trigger is complete


2022-05-11 11:23:20,658	file name:scheduler.py	function name:_sem_trigger_scheduler  INFO: Checking trigger is started


2022-05-11 11:23:20,658	file name:scheduler.py	function name:_sem_trigger_scheduler  INFO: Checking trigger is complete


2022-05-11 11:24:20,668	file name:scheduler.py	function name:_sem_trigger_scheduler  INFO: Checking trigger is started


2022-05-11 11:24:20,668	file name:scheduler.py	function name:_sem_trigger_scheduler  INFO: Checking trigger is complete


2022-05-11 11:25:20,652	file name:scheduler.py	function name:_sem_trigger_scheduler  INFO: Checking trigger is started


2022-05-11 11:25:20,652	file name:scheduler.py	function name:_sem_trigger_scheduler  INFO: Checking trigger is complete


2022-05-11 11:26:20,679	file name:scheduler.py	function name:_sem_trigger_scheduler  INFO: Checking trigger is started


2022-05-11 11:26:20,679	file name:scheduler.py	function name:_sem_trigger_scheduler  INFO: Checking trigger is complete


2022-05-11 11:27:20,652	file name:scheduler.py	function name:_sem_trigger_scheduler  INFO: Checking trigger is started


2022-05-11 11:27:20,653	file name:scheduler.py	function name:_sem_trigger_scheduler  INFO: Checking trigger is complete


2022-05-11 11:28:20,656	file name:scheduler.py	function name:_sem_trigger_scheduler  INFO: Checking trigger is started


2022-05-11 11:28:20,657	file name:scheduler.py	function name:_sem_trigger_scheduler  INFO: Checking trigger is complete


2022-05-11 11:29:20,653	file name:scheduler.py	function name:_sem_trigger_scheduler  INFO: Checking trigger is started


2022-05-11 11:29:20,653	file name:scheduler.py	function name:_sem_trigger_scheduler  INFO: Checking trigger is complete


2022-05-11 11:30:20,653	file name:scheduler.py	function name:_sem_trigger_scheduler  INFO: Checking trigger is started


2022-05-11 11:30:20,653	file name:scheduler.py	function name:_sem_trigger_scheduler  INFO: Checking trigger is complete


2022-05-11 11:31:20,671	file name:scheduler.py	function name:_sem_trigger_scheduler  INFO: Checking trigger is started


2022-05-11 11:31:20,671	file name:scheduler.py	function name:_sem_trigger_scheduler  INFO: Checking trigger is complete


2022-05-11 11:32:20,640	file name:scheduler.py	function name:_sem_trigger_scheduler  INFO: Checking trigger is started


2022-05-11 11:32:20,640	file name:scheduler.py	function name:_sem_trigger_scheduler  INFO: Checking trigger is complete


2022-05-11 11:33:20,651	file name:scheduler.py	function name:_sem_trigger_scheduler  INFO: Checking trigger is started


2022-05-11 11:33:20,651	file name:scheduler.py	function name:_sem_trigger_scheduler  INFO: Checking trigger is complete


2022-05-11 11:34:20,653	file name:scheduler.py	function name:_sem_trigger_scheduler  INFO: Checking trigger is started


2022-05-11 11:34:20,653	file name:scheduler.py	function name:_sem_trigger_scheduler  INFO: Checking trigger is complete


2022-05-11 11:35:20,656	file name:scheduler.py	function name:_sem_trigger_scheduler  INFO: Checking trigger is started


2022-05-11 11:35:20,656	file name:scheduler.py	function name:_sem_trigger_scheduler  INFO: Checking trigger is complete


2022-05-11 11:36:20,646	file name:scheduler.py	function name:_sem_trigger_scheduler  INFO: Checking trigger is started


2022-05-11 11:36:20,646	file name:scheduler.py	function name:_sem_trigger_scheduler  INFO: Checking trigger is complete


2022-05-11 11:37:20,689	file name:scheduler.py	function name:_sem_trigger_scheduler  INFO: Checking trigger is started


2022-05-11 11:37:20,689	file name:scheduler.py	function name:_sem_trigger_scheduler  INFO: Checking trigger is complete


2022-05-11 11:38:20,686	file name:scheduler.py	function name:_sem_trigger_scheduler  INFO: Checking trigger is started


2022-05-11 11:38:20,686	file name:scheduler.py	function name:_sem_trigger_scheduler  INFO: Checking trigger is complete


2022-05-11 11:39:20,656	file name:scheduler.py	function name:_sem_trigger_scheduler  INFO: Checking trigger is started


2022-05-11 11:39:20,656	file name:scheduler.py	function name:_sem_trigger_scheduler  INFO: Checking trigger is complete


2022-05-11 11:40:20,674	file name:scheduler.py	function name:_sem_trigger_scheduler  INFO: Checking trigger is started


2022-05-11 11:40:20,675	file name:scheduler.py	function name:_sem_trigger_scheduler  INFO: Checking trigger is complete


2022-05-11 11:41:20,652	file name:scheduler.py	function name:_sem_trigger_scheduler  INFO: Checking trigger is started


2022-05-11 11:41:20,652	file name:scheduler.py	function name:_sem_trigger_scheduler  INFO: Checking trigger is complete


2022-05-11 11:42:20,651	file name:scheduler.py	function name:_sem_trigger_scheduler  INFO: Checking trigger is started


2022-05-11 11:42:20,652	file name:scheduler.py	function name:_sem_trigger_scheduler  INFO: Checking trigger is complete


2022-05-11 11:43:20,683	file name:scheduler.py	function name:_sem_trigger_scheduler  INFO: Checking trigger is started


2022-05-11 11:43:20,683	file name:scheduler.py	function name:_sem_trigger_scheduler  INFO: Checking trigger is complete


2022-05-11 11:44:20,653	file name:scheduler.py	function name:_sem_trigger_scheduler  INFO: Checking trigger is started


2022-05-11 11:44:20,653	file name:scheduler.py	function name:_sem_trigger_scheduler  INFO: Checking trigger is complete


2022-05-11 11:45:20,646	file name:scheduler.py	function name:_sem_trigger_scheduler  INFO: Checking trigger is started


2022-05-11 11:45:20,646	file name:scheduler.py	function name:_sem_trigger_scheduler  INFO: Checking trigger is complete


2022-05-11 11:46:20,647	file name:scheduler.py	function name:_sem_trigger_scheduler  INFO: Checking trigger is started


2022-05-11 11:46:20,648	file name:scheduler.py	function name:_sem_trigger_scheduler  INFO: Checking trigger is complete


2022-05-11 11:47:20,649	file name:scheduler.py	function name:_sem_trigger_scheduler  INFO: Checking trigger is started


2022-05-11 11:47:20,649	file name:scheduler.py	function name:_sem_trigger_scheduler  INFO: Checking trigger is complete


2022-05-11 11:48:20,663	file name:scheduler.py	function name:_sem_trigger_scheduler  INFO: Checking trigger is started


2022-05-11 11:48:20,663	file name:scheduler.py	function name:_sem_trigger_scheduler  INFO: Checking trigger is complete


2022-05-11 11:49:20,661	file name:scheduler.py	function name:_sem_trigger_scheduler  INFO: Checking trigger is started


2022-05-11 11:49:20,661	file name:scheduler.py	function name:_sem_trigger_scheduler  INFO: Checking trigger is complete


2022-05-11 11:50:20,649	file name:scheduler.py	function name:_sem_trigger_scheduler  INFO: Checking trigger is started


2022-05-11 11:50:20,649	file name:scheduler.py	function name:_sem_trigger_scheduler  INFO: Checking trigger is complete


2022-05-11 11:51:20,659	file name:scheduler.py	function name:_sem_trigger_scheduler  INFO: Checking trigger is started


2022-05-11 11:51:20,659	file name:scheduler.py	function name:_sem_trigger_scheduler  INFO: Checking trigger is complete


2022-05-11 11:52:20,672	file name:scheduler.py	function name:_sem_trigger_scheduler  INFO: Checking trigger is started


2022-05-11 11:52:20,672	file name:scheduler.py	function name:_sem_trigger_scheduler  INFO: Checking trigger is complete


2022-05-11 11:53:20,650	file name:scheduler.py	function name:_sem_trigger_scheduler  INFO: Checking trigger is started


2022-05-11 11:53:20,650	file name:scheduler.py	function name:_sem_trigger_scheduler  INFO: Checking trigger is complete


2022-05-11 11:54:20,670	file name:scheduler.py	function name:_sem_trigger_scheduler  INFO: Checking trigger is started


2022-05-11 11:54:20,670	file name:scheduler.py	function name:_sem_trigger_scheduler  INFO: Checking trigger is complete


2022-05-11 11:55:20,652	file name:scheduler.py	function name:_sem_trigger_scheduler  INFO: Checking trigger is started


2022-05-11 11:55:20,653	file name:scheduler.py	function name:_sem_trigger_scheduler  INFO: Checking trigger is complete


2022-05-11 11:56:20,646	file name:scheduler.py	function name:_sem_trigger_scheduler  INFO: Checking trigger is started


2022-05-11 11:56:20,647	file name:scheduler.py	function name:_sem_trigger_scheduler  INFO: Checking trigger is complete


2022-05-11 11:57:20,642	file name:scheduler.py	function name:_sem_trigger_scheduler  INFO: Checking trigger is started


2022-05-11 11:57:20,642	file name:scheduler.py	function name:_sem_trigger_scheduler  INFO: Checking trigger is complete


2022-05-11 11:58:20,642	file name:scheduler.py	function name:_sem_trigger_scheduler  INFO: Checking trigger is started


2022-05-11 11:58:20,642	file name:scheduler.py	function name:_sem_trigger_scheduler  INFO: Checking trigger is complete


2022-05-11 11:59:20,645	file name:scheduler.py	function name:_sem_trigger_scheduler  INFO: Checking trigger is started


2022-05-11 11:59:20,645	file name:scheduler.py	function name:_sem_trigger_scheduler  INFO: Checking trigger is complete


2022-05-11 12:00:20,654	file name:scheduler.py	function name:_sem_trigger_scheduler  INFO: Checking trigger is started


2022-05-11 12:00:20,654	file name:scheduler.py	function name:_sem_trigger_scheduler  INFO: Checking trigger is complete


2022-05-11 12:01:20,632	file name:scheduler.py	function name:_sem_trigger_scheduler  INFO: Checking trigger is started


2022-05-11 12:01:20,632	file name:scheduler.py	function name:_sem_trigger_scheduler  INFO: Checking trigger is complete


2022-05-11 12:02:20,649	file name:scheduler.py	function name:_sem_trigger_scheduler  INFO: Checking trigger is started


2022-05-11 12:02:20,649	file name:scheduler.py	function name:_sem_trigger_scheduler  INFO: Checking trigger is complete


2022-05-11 12:03:20,663	file name:scheduler.py	function name:_sem_trigger_scheduler  INFO: Checking trigger is started


2022-05-11 12:03:20,664	file name:scheduler.py	function name:_sem_trigger_scheduler  INFO: Checking trigger is complete


2022-05-11 12:04:20,652	file name:scheduler.py	function name:_sem_trigger_scheduler  INFO: Checking trigger is started


2022-05-11 12:04:20,653	file name:scheduler.py	function name:_sem_trigger_scheduler  INFO: Checking trigger is complete


2022-05-11 12:05:20,645	file name:scheduler.py	function name:_sem_trigger_scheduler  INFO: Checking trigger is started


2022-05-11 12:05:20,646	file name:scheduler.py	function name:_sem_trigger_scheduler  INFO: Checking trigger is complete


2022-05-11 12:06:20,658	file name:scheduler.py	function name:_sem_trigger_scheduler  INFO: Checking trigger is started


2022-05-11 12:06:20,658	file name:scheduler.py	function name:_sem_trigger_scheduler  INFO: Checking trigger is complete


2022-05-11 12:07:20,637	file name:scheduler.py	function name:_sem_trigger_scheduler  INFO: Checking trigger is started


2022-05-11 12:07:20,637	file name:scheduler.py	function name:_sem_trigger_scheduler  INFO: Checking trigger is complete


2022-05-11 12:08:20,639	file name:scheduler.py	function name:_sem_trigger_scheduler  INFO: Checking trigger is started


2022-05-11 12:08:20,639	file name:scheduler.py	function name:_sem_trigger_scheduler  INFO: Checking trigger is complete


2022-05-11 12:09:20,633	file name:scheduler.py	function name:_sem_trigger_scheduler  INFO: Checking trigger is started


2022-05-11 12:09:20,634	file name:scheduler.py	function name:_sem_trigger_scheduler  INFO: Checking trigger is complete


2022-05-11 12:10:20,651	file name:scheduler.py	function name:_sem_trigger_scheduler  INFO: Checking trigger is started


2022-05-11 12:10:20,651	file name:scheduler.py	function name:_sem_trigger_scheduler  INFO: Checking trigger is complete


2022-05-11 12:11:20,648	file name:scheduler.py	function name:_sem_trigger_scheduler  INFO: Checking trigger is started


2022-05-11 12:11:20,648	file name:scheduler.py	function name:_sem_trigger_scheduler  INFO: Checking trigger is complete


2022-05-11 12:12:20,653	file name:scheduler.py	function name:_sem_trigger_scheduler  INFO: Checking trigger is started


2022-05-11 12:12:20,654	file name:scheduler.py	function name:_sem_trigger_scheduler  INFO: Checking trigger is complete


2022-05-11 12:13:20,678	file name:scheduler.py	function name:_sem_trigger_scheduler  INFO: Checking trigger is started


2022-05-11 12:13:20,678	file name:scheduler.py	function name:_sem_trigger_scheduler  INFO: Checking trigger is complete


2022-05-11 12:14:20,684	file name:scheduler.py	function name:_sem_trigger_scheduler  INFO: Checking trigger is started


2022-05-11 12:14:20,684	file name:scheduler.py	function name:_sem_trigger_scheduler  INFO: Checking trigger is complete


2022-05-11 12:15:20,644	file name:scheduler.py	function name:_sem_trigger_scheduler  INFO: Checking trigger is started


2022-05-11 12:15:20,644	file name:scheduler.py	function name:_sem_trigger_scheduler  INFO: Checking trigger is complete


2022-05-11 12:16:20,664	file name:scheduler.py	function name:_sem_trigger_scheduler  INFO: Checking trigger is started


2022-05-11 12:16:20,665	file name:scheduler.py	function name:_sem_trigger_scheduler  INFO: Checking trigger is complete


2022-05-11 12:17:20,647	file name:scheduler.py	function name:_sem_trigger_scheduler  INFO: Checking trigger is started


2022-05-11 12:17:20,647	file name:scheduler.py	function name:_sem_trigger_scheduler  INFO: Checking trigger is complete


2022-05-11 12:18:20,668	file name:scheduler.py	function name:_sem_trigger_scheduler  INFO: Checking trigger is started


2022-05-11 12:18:20,668	file name:scheduler.py	function name:_sem_trigger_scheduler  INFO: Checking trigger is complete


2022-05-11 12:19:20,655	file name:scheduler.py	function name:_sem_trigger_scheduler  INFO: Checking trigger is started


2022-05-11 12:19:20,655	file name:scheduler.py	function name:_sem_trigger_scheduler  INFO: Checking trigger is complete


2022-05-11 12:20:20,660	file name:scheduler.py	function name:_sem_trigger_scheduler  INFO: Checking trigger is started


2022-05-11 12:20:20,661	file name:scheduler.py	function name:_sem_trigger_scheduler  INFO: Checking trigger is complete


2022-05-11 12:21:20,681	file name:scheduler.py	function name:_sem_trigger_scheduler  INFO: Checking trigger is started


2022-05-11 12:21:20,682	file name:scheduler.py	function name:_sem_trigger_scheduler  INFO: Checking trigger is complete


2022-05-11 12:22:20,654	file name:scheduler.py	function name:_sem_trigger_scheduler  INFO: Checking trigger is started


2022-05-11 12:22:20,654	file name:scheduler.py	function name:_sem_trigger_scheduler  INFO: Checking trigger is complete


2022-05-11 12:23:20,650	file name:scheduler.py	function name:_sem_trigger_scheduler  INFO: Checking trigger is started


2022-05-11 12:23:20,650	file name:scheduler.py	function name:_sem_trigger_scheduler  INFO: Checking trigger is complete


2022-05-11 12:24:20,657	file name:scheduler.py	function name:_sem_trigger_scheduler  INFO: Checking trigger is started


2022-05-11 12:24:20,657	file name:scheduler.py	function name:_sem_trigger_scheduler  INFO: Checking trigger is complete


2022-05-11 12:25:20,653	file name:scheduler.py	function name:_sem_trigger_scheduler  INFO: Checking trigger is started


2022-05-11 12:25:20,653	file name:scheduler.py	function name:_sem_trigger_scheduler  INFO: Checking trigger is complete


2022-05-11 12:26:20,642	file name:scheduler.py	function name:_sem_trigger_scheduler  INFO: Checking trigger is started


2022-05-11 12:26:20,642	file name:scheduler.py	function name:_sem_trigger_scheduler  INFO: Checking trigger is complete


2022-05-11 12:27:20,640	file name:scheduler.py	function name:_sem_trigger_scheduler  INFO: Checking trigger is started


2022-05-11 12:27:20,640	file name:scheduler.py	function name:_sem_trigger_scheduler  INFO: Checking trigger is complete


2022-05-11 12:28:20,648	file name:scheduler.py	function name:_sem_trigger_scheduler  INFO: Checking trigger is started


2022-05-11 12:28:20,649	file name:scheduler.py	function name:_sem_trigger_scheduler  INFO: Checking trigger is complete


2022-05-11 12:29:20,672	file name:scheduler.py	function name:_sem_trigger_scheduler  INFO: Checking trigger is started


2022-05-11 12:29:20,673	file name:scheduler.py	function name:_sem_trigger_scheduler  INFO: Checking trigger is complete


2022-05-11 12:30:20,665	file name:scheduler.py	function name:_sem_trigger_scheduler  INFO: Checking trigger is started


2022-05-11 12:30:20,665	file name:scheduler.py	function name:_sem_trigger_scheduler  INFO: Checking trigger is complete


2022-05-11 12:31:20,652	file name:scheduler.py	function name:_sem_trigger_scheduler  INFO: Checking trigger is started


2022-05-11 12:31:20,652	file name:scheduler.py	function name:_sem_trigger_scheduler  INFO: Checking trigger is complete


2022-05-11 12:32:20,640	file name:scheduler.py	function name:_sem_trigger_scheduler  INFO: Checking trigger is started


2022-05-11 12:32:20,640	file name:scheduler.py	function name:_sem_trigger_scheduler  INFO: Checking trigger is complete


2022-05-11 12:33:20,656	file name:scheduler.py	function name:_sem_trigger_scheduler  INFO: Checking trigger is started


2022-05-11 12:33:20,657	file name:scheduler.py	function name:_sem_trigger_scheduler  INFO: Checking trigger is complete


2022-05-11 12:34:20,636	file name:scheduler.py	function name:_sem_trigger_scheduler  INFO: Checking trigger is started


2022-05-11 12:34:20,636	file name:scheduler.py	function name:_sem_trigger_scheduler  INFO: Checking trigger is complete


2022-05-11 12:35:20,634	file name:scheduler.py	function name:_sem_trigger_scheduler  INFO: Checking trigger is started


2022-05-11 12:35:20,635	file name:scheduler.py	function name:_sem_trigger_scheduler  INFO: Checking trigger is complete


2022-05-11 12:36:20,642	file name:scheduler.py	function name:_sem_trigger_scheduler  INFO: Checking trigger is started


2022-05-11 12:36:20,642	file name:scheduler.py	function name:_sem_trigger_scheduler  INFO: Checking trigger is complete


2022-05-11 12:37:20,623	file name:scheduler.py	function name:_sem_trigger_scheduler  INFO: Checking trigger is started


2022-05-11 12:37:20,623	file name:scheduler.py	function name:_sem_trigger_scheduler  INFO: Checking trigger is complete


2022-05-11 12:38:20,635	file name:scheduler.py	function name:_sem_trigger_scheduler  INFO: Checking trigger is started


2022-05-11 12:38:20,635	file name:scheduler.py	function name:_sem_trigger_scheduler  INFO: Checking trigger is complete


2022-05-11 12:39:20,639	file name:scheduler.py	function name:_sem_trigger_scheduler  INFO: Checking trigger is started


2022-05-11 12:39:20,639	file name:scheduler.py	function name:_sem_trigger_scheduler  INFO: Checking trigger is complete


2022-05-11 12:40:20,635	file name:scheduler.py	function name:_sem_trigger_scheduler  INFO: Checking trigger is started


2022-05-11 12:40:20,635	file name:scheduler.py	function name:_sem_trigger_scheduler  INFO: Checking trigger is complete


2022-05-11 12:41:20,641	file name:scheduler.py	function name:_sem_trigger_scheduler  INFO: Checking trigger is started


2022-05-11 12:41:20,641	file name:scheduler.py	function name:_sem_trigger_scheduler  INFO: Checking trigger is complete


2022-05-11 12:42:20,631	file name:scheduler.py	function name:_sem_trigger_scheduler  INFO: Checking trigger is started


2022-05-11 12:42:20,631	file name:scheduler.py	function name:_sem_trigger_scheduler  INFO: Checking trigger is complete


2022-05-11 12:43:20,644	file name:scheduler.py	function name:_sem_trigger_scheduler  INFO: Checking trigger is started


2022-05-11 12:43:20,645	file name:scheduler.py	function name:_sem_trigger_scheduler  INFO: Checking trigger is complete


2022-05-11 12:44:20,653	file name:scheduler.py	function name:_sem_trigger_scheduler  INFO: Checking trigger is started


2022-05-11 12:44:20,654	file name:scheduler.py	function name:_sem_trigger_scheduler  INFO: Checking trigger is complete


2022-05-11 12:45:20,655	file name:scheduler.py	function name:_sem_trigger_scheduler  INFO: Checking trigger is started


2022-05-11 12:45:20,655	file name:scheduler.py	function name:_sem_trigger_scheduler  INFO: Checking trigger is complete


2022-05-11 12:46:20,656	file name:scheduler.py	function name:_sem_trigger_scheduler  INFO: Checking trigger is started


2022-05-11 12:46:20,656	file name:scheduler.py	function name:_sem_trigger_scheduler  INFO: Checking trigger is complete


2022-05-11 12:47:20,635	file name:scheduler.py	function name:_sem_trigger_scheduler  INFO: Checking trigger is started


2022-05-11 12:47:20,636	file name:scheduler.py	function name:_sem_trigger_scheduler  INFO: Checking trigger is complete


2022-05-11 12:48:20,649	file name:scheduler.py	function name:_sem_trigger_scheduler  INFO: Checking trigger is started


2022-05-11 12:48:20,649	file name:scheduler.py	function name:_sem_trigger_scheduler  INFO: Checking trigger is complete


2022-05-11 12:49:20,664	file name:scheduler.py	function name:_sem_trigger_scheduler  INFO: Checking trigger is started


2022-05-11 12:49:20,664	file name:scheduler.py	function name:_sem_trigger_scheduler  INFO: Checking trigger is complete


2022-05-11 12:50:20,651	file name:scheduler.py	function name:_sem_trigger_scheduler  INFO: Checking trigger is started


2022-05-11 12:50:20,651	file name:scheduler.py	function name:_sem_trigger_scheduler  INFO: Checking trigger is complete


2022-05-11 12:51:20,642	file name:scheduler.py	function name:_sem_trigger_scheduler  INFO: Checking trigger is started


2022-05-11 12:51:20,643	file name:scheduler.py	function name:_sem_trigger_scheduler  INFO: Checking trigger is complete


2022-05-11 12:52:20,624	file name:scheduler.py	function name:_sem_trigger_scheduler  INFO: Checking trigger is started


2022-05-11 12:52:20,624	file name:scheduler.py	function name:_sem_trigger_scheduler  INFO: Checking trigger is complete


2022-05-11 12:53:20,648	file name:scheduler.py	function name:_sem_trigger_scheduler  INFO: Checking trigger is started


2022-05-11 12:53:20,648	file name:scheduler.py	function name:_sem_trigger_scheduler  INFO: Checking trigger is complete


2022-05-11 12:54:20,651	file name:scheduler.py	function name:_sem_trigger_scheduler  INFO: Checking trigger is started


2022-05-11 12:54:20,651	file name:scheduler.py	function name:_sem_trigger_scheduler  INFO: Checking trigger is complete


2022-05-11 12:55:20,631	file name:scheduler.py	function name:_sem_trigger_scheduler  INFO: Checking trigger is started


2022-05-11 12:55:20,632	file name:scheduler.py	function name:_sem_trigger_scheduler  INFO: Checking trigger is complete


2022-05-11 12:56:20,638	file name:scheduler.py	function name:_sem_trigger_scheduler  INFO: Checking trigger is started


2022-05-11 12:56:20,638	file name:scheduler.py	function name:_sem_trigger_scheduler  INFO: Checking trigger is complete


2022-05-11 12:57:20,623	file name:scheduler.py	function name:_sem_trigger_scheduler  INFO: Checking trigger is started


2022-05-11 12:57:20,623	file name:scheduler.py	function name:_sem_trigger_scheduler  INFO: Checking trigger is complete


2022-05-11 12:58:20,633	file name:scheduler.py	function name:_sem_trigger_scheduler  INFO: Checking trigger is started


2022-05-11 12:58:20,633	file name:scheduler.py	function name:_sem_trigger_scheduler  INFO: Checking trigger is complete


2022-05-11 12:59:20,642	file name:scheduler.py	function name:_sem_trigger_scheduler  INFO: Checking trigger is started


2022-05-11 12:59:20,642	file name:scheduler.py	function name:_sem_trigger_scheduler  INFO: Checking trigger is complete


2022-05-11 13:00:20,624	file name:scheduler.py	function name:_sem_trigger_scheduler  INFO: Checking trigger is started


2022-05-11 13:00:20,624	file name:scheduler.py	function name:_sem_trigger_scheduler  INFO: Checking trigger is complete


2022-05-11 13:01:20,639	file name:scheduler.py	function name:_sem_trigger_scheduler  INFO: Checking trigger is started


2022-05-11 13:01:20,640	file name:scheduler.py	function name:_sem_trigger_scheduler  INFO: Checking trigger is complete


2022-05-11 13:02:20,638	file name:scheduler.py	function name:_sem_trigger_scheduler  INFO: Checking trigger is started


2022-05-11 13:02:20,638	file name:scheduler.py	function name:_sem_trigger_scheduler  INFO: Checking trigger is complete


2022-05-11 13:03:20,637	file name:scheduler.py	function name:_sem_trigger_scheduler  INFO: Checking trigger is started


2022-05-11 13:03:20,637	file name:scheduler.py	function name:_sem_trigger_scheduler  INFO: Checking trigger is complete


2022-05-11 13:04:20,649	file name:scheduler.py	function name:_sem_trigger_scheduler  INFO: Checking trigger is started


2022-05-11 13:04:20,649	file name:scheduler.py	function name:_sem_trigger_scheduler  INFO: Checking trigger is complete


2022-05-11 13:05:20,649	file name:scheduler.py	function name:_sem_trigger_scheduler  INFO: Checking trigger is started


2022-05-11 13:05:20,649	file name:scheduler.py	function name:_sem_trigger_scheduler  INFO: Checking trigger is complete


2022-05-11 13:06:20,646	file name:scheduler.py	function name:_sem_trigger_scheduler  INFO: Checking trigger is started


2022-05-11 13:06:20,646	file name:scheduler.py	function name:_sem_trigger_scheduler  INFO: Checking trigger is complete


2022-05-11 13:07:20,654	file name:scheduler.py	function name:_sem_trigger_scheduler  INFO: Checking trigger is started


2022-05-11 13:07:20,654	file name:scheduler.py	function name:_sem_trigger_scheduler  INFO: Checking trigger is complete


2022-05-11 13:08:20,640	file name:scheduler.py	function name:_sem_trigger_scheduler  INFO: Checking trigger is started


2022-05-11 13:08:20,640	file name:scheduler.py	function name:_sem_trigger_scheduler  INFO: Checking trigger is complete


2022-05-11 13:09:20,649	file name:scheduler.py	function name:_sem_trigger_scheduler  INFO: Checking trigger is started


2022-05-11 13:09:20,649	file name:scheduler.py	function name:_sem_trigger_scheduler  INFO: Checking trigger is complete


2022-05-11 13:10:20,700	file name:scheduler.py	function name:_sem_trigger_scheduler  INFO: Checking trigger is started


2022-05-11 13:10:20,700	file name:scheduler.py	function name:_sem_trigger_scheduler  INFO: Checking trigger is complete


2022-05-11 13:11:20,687	file name:scheduler.py	function name:_sem_trigger_scheduler  INFO: Checking trigger is started


2022-05-11 13:11:20,687	file name:scheduler.py	function name:_sem_trigger_scheduler  INFO: Checking trigger is complete


2022-05-11 13:12:20,683	file name:scheduler.py	function name:_sem_trigger_scheduler  INFO: Checking trigger is started


2022-05-11 13:12:20,683	file name:scheduler.py	function name:_sem_trigger_scheduler  INFO: Checking trigger is complete


2022-05-11 13:13:20,655	file name:scheduler.py	function name:_sem_trigger_scheduler  INFO: Checking trigger is started


2022-05-11 13:13:20,655	file name:scheduler.py	function name:_sem_trigger_scheduler  INFO: Checking trigger is complete


2022-05-11 13:14:20,642	file name:scheduler.py	function name:_sem_trigger_scheduler  INFO: Checking trigger is started


2022-05-11 13:14:20,642	file name:scheduler.py	function name:_sem_trigger_scheduler  INFO: Checking trigger is complete


2022-05-11 13:15:20,633	file name:scheduler.py	function name:_sem_trigger_scheduler  INFO: Checking trigger is started


2022-05-11 13:15:20,634	file name:scheduler.py	function name:_sem_trigger_scheduler  INFO: Checking trigger is complete


2022-05-11 13:16:20,634	file name:scheduler.py	function name:_sem_trigger_scheduler  INFO: Checking trigger is started


2022-05-11 13:16:20,635	file name:scheduler.py	function name:_sem_trigger_scheduler  INFO: Checking trigger is complete


2022-05-11 13:17:20,653	file name:scheduler.py	function name:_sem_trigger_scheduler  INFO: Checking trigger is started


2022-05-11 13:17:20,653	file name:scheduler.py	function name:_sem_trigger_scheduler  INFO: Checking trigger is complete


2022-05-11 13:18:20,633	file name:scheduler.py	function name:_sem_trigger_scheduler  INFO: Checking trigger is started


2022-05-11 13:18:20,633	file name:scheduler.py	function name:_sem_trigger_scheduler  INFO: Checking trigger is complete


2022-05-11 13:19:20,657	file name:scheduler.py	function name:_sem_trigger_scheduler  INFO: Checking trigger is started


2022-05-11 13:19:20,657	file name:scheduler.py	function name:_sem_trigger_scheduler  INFO: Checking trigger is complete


2022-05-11 13:20:20,655	file name:scheduler.py	function name:_sem_trigger_scheduler  INFO: Checking trigger is started


2022-05-11 13:20:20,655	file name:scheduler.py	function name:_sem_trigger_scheduler  INFO: Checking trigger is complete


2022-05-11 13:21:20,640	file name:scheduler.py	function name:_sem_trigger_scheduler  INFO: Checking trigger is started


2022-05-11 13:21:20,641	file name:scheduler.py	function name:_sem_trigger_scheduler  INFO: Checking trigger is complete


2022-05-11 13:22:20,643	file name:scheduler.py	function name:_sem_trigger_scheduler  INFO: Checking trigger is started


2022-05-11 13:22:20,643	file name:scheduler.py	function name:_sem_trigger_scheduler  INFO: Checking trigger is complete


2022-05-11 13:23:20,673	file name:scheduler.py	function name:_sem_trigger_scheduler  INFO: Checking trigger is started


2022-05-11 13:23:20,673	file name:scheduler.py	function name:_sem_trigger_scheduler  INFO: Checking trigger is complete


2022-05-11 13:24:20,650	file name:scheduler.py	function name:_sem_trigger_scheduler  INFO: Checking trigger is started


2022-05-11 13:24:20,650	file name:scheduler.py	function name:_sem_trigger_scheduler  INFO: Checking trigger is complete


2022-05-11 13:25:20,654	file name:scheduler.py	function name:_sem_trigger_scheduler  INFO: Checking trigger is started


2022-05-11 13:25:20,654	file name:scheduler.py	function name:_sem_trigger_scheduler  INFO: Checking trigger is complete


2022-05-11 13:26:20,659	file name:scheduler.py	function name:_sem_trigger_scheduler  INFO: Checking trigger is started


2022-05-11 13:26:20,659	file name:scheduler.py	function name:_sem_trigger_scheduler  INFO: Checking trigger is complete


2022-05-11 13:27:20,644	file name:scheduler.py	function name:_sem_trigger_scheduler  INFO: Checking trigger is started


2022-05-11 13:27:20,644	file name:scheduler.py	function name:_sem_trigger_scheduler  INFO: Checking trigger is complete


2022-05-11 13:28:20,647	file name:scheduler.py	function name:_sem_trigger_scheduler  INFO: Checking trigger is started


2022-05-11 13:28:20,647	file name:scheduler.py	function name:_sem_trigger_scheduler  INFO: Checking trigger is complete


2022-05-11 13:29:20,648	file name:scheduler.py	function name:_sem_trigger_scheduler  INFO: Checking trigger is started


2022-05-11 13:29:20,648	file name:scheduler.py	function name:_sem_trigger_scheduler  INFO: Checking trigger is complete


2022-05-11 13:30:20,667	file name:scheduler.py	function name:_sem_trigger_scheduler  INFO: Checking trigger is started


2022-05-11 13:30:20,667	file name:scheduler.py	function name:_sem_trigger_scheduler  INFO: Checking trigger is complete


2022-05-11 13:31:20,647	file name:scheduler.py	function name:_sem_trigger_scheduler  INFO: Checking trigger is started


2022-05-11 13:31:20,648	file name:scheduler.py	function name:_sem_trigger_scheduler  INFO: Checking trigger is complete


2022-05-11 13:32:20,644	file name:scheduler.py	function name:_sem_trigger_scheduler  INFO: Checking trigger is started


2022-05-11 13:32:20,644	file name:scheduler.py	function name:_sem_trigger_scheduler  INFO: Checking trigger is complete


2022-05-11 13:33:20,675	file name:scheduler.py	function name:_sem_trigger_scheduler  INFO: Checking trigger is started


2022-05-11 13:33:20,675	file name:scheduler.py	function name:_sem_trigger_scheduler  INFO: Checking trigger is complete


2022-05-11 13:34:20,665	file name:scheduler.py	function name:_sem_trigger_scheduler  INFO: Checking trigger is started


2022-05-11 13:34:20,666	file name:scheduler.py	function name:_sem_trigger_scheduler  INFO: Checking trigger is complete


2022-05-11 13:35:20,655	file name:scheduler.py	function name:_sem_trigger_scheduler  INFO: Checking trigger is started


2022-05-11 13:35:20,655	file name:scheduler.py	function name:_sem_trigger_scheduler  INFO: Checking trigger is complete


2022-05-11 13:36:20,645	file name:scheduler.py	function name:_sem_trigger_scheduler  INFO: Checking trigger is started


2022-05-11 13:36:20,646	file name:scheduler.py	function name:_sem_trigger_scheduler  INFO: Checking trigger is complete


2022-05-11 13:37:20,641	file name:scheduler.py	function name:_sem_trigger_scheduler  INFO: Checking trigger is started


2022-05-11 13:37:20,641	file name:scheduler.py	function name:_sem_trigger_scheduler  INFO: Checking trigger is complete


2022-05-11 13:38:20,673	file name:scheduler.py	function name:_sem_trigger_scheduler  INFO: Checking trigger is started


2022-05-11 13:38:20,673	file name:scheduler.py	function name:_sem_trigger_scheduler  INFO: Checking trigger is complete


2022-05-11 13:39:20,669	file name:scheduler.py	function name:_sem_trigger_scheduler  INFO: Checking trigger is started


2022-05-11 13:39:20,669	file name:scheduler.py	function name:_sem_trigger_scheduler  INFO: Checking trigger is complete


2022-05-11 13:40:20,635	file name:scheduler.py	function name:_sem_trigger_scheduler  INFO: Checking trigger is started


2022-05-11 13:40:20,635	file name:scheduler.py	function name:_sem_trigger_scheduler  INFO: Checking trigger is complete


2022-05-11 13:41:20,650	file name:scheduler.py	function name:_sem_trigger_scheduler  INFO: Checking trigger is started


2022-05-11 13:41:20,650	file name:scheduler.py	function name:_sem_trigger_scheduler  INFO: Checking trigger is complete


2022-05-11 13:42:20,653	file name:scheduler.py	function name:_sem_trigger_scheduler  INFO: Checking trigger is started


2022-05-11 13:42:20,653	file name:scheduler.py	function name:_sem_trigger_scheduler  INFO: Checking trigger is complete


2022-05-11 13:43:20,651	file name:scheduler.py	function name:_sem_trigger_scheduler  INFO: Checking trigger is started


2022-05-11 13:43:20,651	file name:scheduler.py	function name:_sem_trigger_scheduler  INFO: Checking trigger is complete


2022-05-11 13:44:20,654	file name:scheduler.py	function name:_sem_trigger_scheduler  INFO: Checking trigger is started


2022-05-11 13:44:20,655	file name:scheduler.py	function name:_sem_trigger_scheduler  INFO: Checking trigger is complete


2022-05-11 13:45:20,637	file name:scheduler.py	function name:_sem_trigger_scheduler  INFO: Checking trigger is started


2022-05-11 13:45:20,637	file name:scheduler.py	function name:_sem_trigger_scheduler  INFO: Checking trigger is complete


2022-05-11 13:47:38,539	file name:scheduler.py	function name:_sem_trigger_scheduler  INFO: Checking trigger is started


2022-05-11 13:47:38,539	file name:scheduler.py	function name:_sem_trigger_scheduler  INFO: Checking trigger is complete


2022-05-11 13:48:38,545	file name:scheduler.py	function name:_sem_trigger_scheduler  INFO: Checking trigger is started


2022-05-11 13:48:38,545	file name:scheduler.py	function name:_sem_trigger_scheduler  INFO: Checking trigger is complete


2022-05-11 13:49:53,268	file name:scheduler.py	function name:_sem_trigger_scheduler  INFO: Checking trigger is started


2022-05-11 13:49:53,269	file name:scheduler.py	function name:_sem_trigger_scheduler  INFO: Checking trigger is complete


2022-05-11 13:50:53,293	file name:scheduler.py	function name:_sem_trigger_scheduler  INFO: Checking trigger is started


2022-05-11 13:50:53,294	file name:scheduler.py	function name:_sem_trigger_scheduler  INFO: Checking trigger is complete


2022-05-11 13:51:00,112	file name:screenshot.py	function name:_sem_send_filter_screen  WARNING: 	user_ID:1723464345
Traceback (most recent call last):
  File "c:\Users\user\Desktop\mstr_bot\git\mstr-chat-bot\webdriver\screenshot.py", line 154, in _sem_send_filter_screen
    ctlkey = (all_selectors)[security_sel]
KeyError: 'S_security'


2022-05-11 13:51:53,294	file name:scheduler.py	function name:_sem_trigger_scheduler  INFO: Checking trigger is started


2022-05-11 13:51:53,294	file name:scheduler.py	function name:_sem_trigger_scheduler  INFO: Checking trigger is complete


2022-05-11 13:52:53,280	file name:scheduler.py	function name:_sem_trigger_scheduler  INFO: Checking trigger is started


2022-05-11 13:52:53,280	file name:scheduler.py	function name:_sem_trigger_scheduler  INFO: Checking trigger is complete


2022-05-11 13:53:53,287	file name:scheduler.py	function name:_sem_trigger_scheduler  INFO: Checking trigger is started


2022-05-11 13:53:53,287	file name:scheduler.py	function name:_sem_trigger_scheduler  INFO: Checking trigger is complete


2022-05-11 13:54:53,285	file name:scheduler.py	function name:_sem_trigger_scheduler  INFO: Checking trigger is started


2022-05-11 13:54:53,285	file name:scheduler.py	function name:_sem_trigger_scheduler  INFO: Checking trigger is complete


2022-05-11 13:55:53,294	file name:scheduler.py	function name:_sem_trigger_scheduler  INFO: Checking trigger is started


2022-05-11 13:55:53,295	file name:scheduler.py	function name:_sem_trigger_scheduler  INFO: Checking trigger is complete


2022-05-11 13:56:53,297	file name:scheduler.py	function name:_sem_trigger_scheduler  INFO: Checking trigger is started


2022-05-11 13:56:53,297	file name:scheduler.py	function name:_sem_trigger_scheduler  INFO: Checking trigger is complete


2022-05-16 15:31:23,347	file name:scheduler.py	function name:_sem_trigger_scheduler  INFO: Checking trigger is started


2022-05-16 15:31:23,347	file name:scheduler.py	function name:_sem_trigger_scheduler  INFO: Checking trigger is complete
